{"C:\\Users\\mika1\\Documents\\Kouluhommia\\Koulu Ladatut tiedostot\\mern\\mern\\backend\\server.js": {"path":"C:\\Users\\mika1\\Documents\\Kouluhommia\\Koulu Ladatut tiedostot\\mern\\mern\\backend\\server.js","statementMap":{"0":{"start":{"line":1,"column":13},"end":{"line":1,"column":28}},"1":{"start":{"line":2,"column":16},"end":{"line":2,"column":34}},"2":{"start":{"line":3,"column":15},"end":{"line":3,"column":32}},"3":{"start":{"line":4,"column":15},"end":{"line":4,"column":41}},"4":{"start":{"line":5,"column":13},"end":{"line":5,"column":28}},"5":{"start":{"line":6,"column":25},"end":{"line":6,"column":64}},"6":{"start":{"line":7,"column":18},"end":{"line":7,"column":40}},"7":{"start":{"line":8,"column":13},"end":{"line":8,"column":37}},"8":{"start":{"line":9,"column":15},"end":{"line":9,"column":40}},"9":{"start":{"line":11,"column":0},"end":{"line":11,"column":12}},"10":{"start":{"line":13,"column":12},"end":{"line":13,"column":21}},"11":{"start":{"line":14,"column":0},"end":{"line":14,"column":15}},"12":{"start":{"line":15,"column":0},"end":{"line":18,"column":2}},"13":{"start":{"line":16,"column":4},"end":{"line":16,"column":37}},"14":{"start":{"line":17,"column":4},"end":{"line":17,"column":11}},"15":{"start":{"line":19,"column":0},"end":{"line":19,"column":24}},"16":{"start":{"line":20,"column":0},"end":{"line":20,"column":49}},"17":{"start":{"line":22,"column":0},"end":{"line":22,"column":54}},"18":{"start":{"line":23,"column":0},"end":{"line":23,"column":54}},"19":{"start":{"line":26,"column":0},"end":{"line":26,"column":46}},"20":{"start":{"line":26,"column":27},"end":{"line":26,"column":44}},"21":{"start":{"line":28,"column":0},"end":{"line":28,"column":22}},"22":{"start":{"line":30,"column":0},"end":{"line":30,"column":21}}},"fnMap":{"0":{"name":"(anonymous_0)","decl":{"start":{"line":15,"column":8},"end":{"line":15,"column":9}},"loc":{"start":{"line":15,"column":27},"end":{"line":18,"column":1}},"line":15},"1":{"name":"(anonymous_1)","decl":{"start":{"line":26,"column":13},"end":{"line":26,"column":14}},"loc":{"start":{"line":26,"column":27},"end":{"line":26,"column":44}},"line":26}},"branchMap":{"0":{"loc":{"start":{"line":8,"column":13},"end":{"line":8,"column":37}},"type":"binary-expr","locations":[{"start":{"line":8,"column":13},"end":{"line":8,"column":29}},{"start":{"line":8,"column":33},"end":{"line":8,"column":37}}],"line":8}},"s":{"0":2,"1":2,"2":2,"3":2,"4":2,"5":2,"6":2,"7":2,"8":2,"9":2,"10":2,"11":2,"12":2,"13":3,"14":3,"15":2,"16":2,"17":2,"18":2,"19":2,"20":0,"21":2,"22":2},"f":{"0":3,"1":0},"b":{"0":[2,0]},"_coverageSchema":"1a1c01bbd47fc00a2c39e90264f33305004495a9","hash":"542c33cfca269097ccdd3737506f6ec0e954930a"}
,"C:\\Users\\mika1\\Documents\\Kouluhommia\\Koulu Ladatut tiedostot\\mern\\mern\\backend\\config\\db.js": {"path":"C:\\Users\\mika1\\Documents\\Kouluhommia\\Koulu Ladatut tiedostot\\mern\\mern\\backend\\config\\db.js","statementMap":{"0":{"start":{"line":1,"column":17},"end":{"line":1,"column":36}},"1":{"start":{"line":2,"column":13},"end":{"line":2,"column":37}},"2":{"start":{"line":4,"column":18},"end":{"line":13,"column":1}},"3":{"start":{"line":5,"column":2},"end":{"line":12,"column":3}},"4":{"start":{"line":6,"column":17},"end":{"line":6,"column":62}},"5":{"start":{"line":8,"column":4},"end":{"line":8,"column":76}},"6":{"start":{"line":10,"column":4},"end":{"line":10,"column":22}},"7":{"start":{"line":11,"column":4},"end":{"line":11,"column":19}},"8":{"start":{"line":15,"column":0},"end":{"line":15,"column":26}}},"fnMap":{"0":{"name":"(anonymous_0)","decl":{"start":{"line":4,"column":18},"end":{"line":4,"column":19}},"loc":{"start":{"line":4,"column":30},"end":{"line":13,"column":1}},"line":4}},"branchMap":{"0":{"loc":{"start":{"line":2,"column":13},"end":{"line":2,"column":37}},"type":"binary-expr","locations":[{"start":{"line":2,"column":13},"end":{"line":2,"column":29}},{"start":{"line":2,"column":33},"end":{"line":2,"column":37}}],"line":2}},"s":{"0":2,"1":2,"2":2,"3":2,"4":2,"5":2,"6":0,"7":0,"8":2},"f":{"0":2},"b":{"0":[2,0]},"_coverageSchema":"1a1c01bbd47fc00a2c39e90264f33305004495a9","hash":"2ad1719f9596c9ba3c9137c4d5dfca408cab4677"}
,"C:\\Users\\mika1\\Documents\\Kouluhommia\\Koulu Ladatut tiedostot\\mern\\mern\\backend\\controllers\\goalController.js": {"path":"C:\\Users\\mika1\\Documents\\Kouluhommia\\Koulu Ladatut tiedostot\\mern\\mern\\backend\\controllers\\goalController.js","statementMap":{"0":{"start":{"line":1,"column":13},"end":{"line":1,"column":43}},"1":{"start":{"line":2,"column":13},"end":{"line":2,"column":43}},"2":{"start":{"line":3,"column":17},"end":{"line":3,"column":36}},"3":{"start":{"line":8,"column":17},"end":{"line":12,"column":1}},"4":{"start":{"line":9,"column":18},"end":{"line":9,"column":30}},"5":{"start":{"line":10,"column":16},"end":{"line":10,"column":64}},"6":{"start":{"line":11,"column":2},"end":{"line":11,"column":29}},"7":{"start":{"line":17,"column":16},"end":{"line":41,"column":1}},"8":{"start":{"line":18,"column":19},"end":{"line":18,"column":27}},"9":{"start":{"line":19,"column":22},"end":{"line":19,"column":24}},"10":{"start":{"line":21,"column":4},"end":{"line":23,"column":5}},"11":{"start":{"line":22,"column":6},"end":{"line":22,"column":30}},"12":{"start":{"line":24,"column":4},"end":{"line":26,"column":5}},"13":{"start":{"line":25,"column":6},"end":{"line":25,"column":90}},"14":{"start":{"line":28,"column":4},"end":{"line":30,"column":5}},"15":{"start":{"line":29,"column":6},"end":{"line":29,"column":90}},"16":{"start":{"line":33,"column":4},"end":{"line":39,"column":5}},"17":{"start":{"line":34,"column":22},"end":{"line":34,"column":34}},"18":{"start":{"line":35,"column":19},"end":{"line":35,"column":53}},"19":{"start":{"line":36,"column":6},"end":{"line":36,"column":32}},"20":{"start":{"line":38,"column":6},"end":{"line":38,"column":50}},"21":{"start":{"line":46,"column":16},"end":{"line":60,"column":1}},"22":{"start":{"line":47,"column":17},"end":{"line":47,"column":27}},"23":{"start":{"line":49,"column":2},"end":{"line":51,"column":3}},"24":{"start":{"line":50,"column":4},"end":{"line":50,"column":56}},"25":{"start":{"line":53,"column":15},"end":{"line":53,"column":38}},"26":{"start":{"line":55,"column":2},"end":{"line":57,"column":3}},"27":{"start":{"line":56,"column":4},"end":{"line":56,"column":56}},"28":{"start":{"line":59,"column":2},"end":{"line":59,"column":28}},"29":{"start":{"line":65,"column":19},"end":{"line":81,"column":1}},"30":{"start":{"line":66,"column":17},"end":{"line":66,"column":27}},"31":{"start":{"line":68,"column":2},"end":{"line":70,"column":3}},"32":{"start":{"line":69,"column":4},"end":{"line":69,"column":56}},"33":{"start":{"line":72,"column":15},"end":{"line":74,"column":4}},"34":{"start":{"line":76,"column":2},"end":{"line":78,"column":3}},"35":{"start":{"line":77,"column":4},"end":{"line":77,"column":56}},"36":{"start":{"line":80,"column":2},"end":{"line":80,"column":28}},"37":{"start":{"line":87,"column":19},"end":{"line":101,"column":1}},"38":{"start":{"line":88,"column":17},"end":{"line":88,"column":27}},"39":{"start":{"line":90,"column":2},"end":{"line":92,"column":3}},"40":{"start":{"line":91,"column":4},"end":{"line":91,"column":56}},"41":{"start":{"line":94,"column":15},"end":{"line":94,"column":53}},"42":{"start":{"line":96,"column":2},"end":{"line":98,"column":3}},"43":{"start":{"line":97,"column":4},"end":{"line":97,"column":56}},"44":{"start":{"line":100,"column":2},"end":{"line":100,"column":28}},"45":{"start":{"line":106,"column":36},"end":{"line":127,"column":1}},"46":{"start":{"line":107,"column":17},"end":{"line":107,"column":27}},"47":{"start":{"line":109,"column":2},"end":{"line":111,"column":3}},"48":{"start":{"line":110,"column":4},"end":{"line":110,"column":56}},"49":{"start":{"line":114,"column":18},"end":{"line":114,"column":30}},"50":{"start":{"line":115,"column":2},"end":{"line":117,"column":3}},"51":{"start":{"line":116,"column":4},"end":{"line":116,"column":51}},"52":{"start":{"line":120,"column":15},"end":{"line":120,"column":45}},"53":{"start":{"line":121,"column":2},"end":{"line":123,"column":3}},"54":{"start":{"line":122,"column":4},"end":{"line":122,"column":56}},"55":{"start":{"line":125,"column":2},"end":{"line":125,"column":22}},"56":{"start":{"line":126,"column":2},"end":{"line":126,"column":28}},"57":{"start":{"line":129,"column":0},"end":{"line":136,"column":2}}},"fnMap":{"0":{"name":"(anonymous_0)","decl":{"start":{"line":8,"column":17},"end":{"line":8,"column":18}},"loc":{"start":{"line":8,"column":37},"end":{"line":12,"column":1}},"line":8},"1":{"name":"(anonymous_1)","decl":{"start":{"line":17,"column":16},"end":{"line":17,"column":17}},"loc":{"start":{"line":17,"column":42},"end":{"line":41,"column":1}},"line":17},"2":{"name":"(anonymous_2)","decl":{"start":{"line":46,"column":16},"end":{"line":46,"column":17}},"loc":{"start":{"line":46,"column":36},"end":{"line":60,"column":1}},"line":46},"3":{"name":"(anonymous_3)","decl":{"start":{"line":65,"column":19},"end":{"line":65,"column":20}},"loc":{"start":{"line":65,"column":39},"end":{"line":81,"column":1}},"line":65},"4":{"name":"(anonymous_4)","decl":{"start":{"line":87,"column":19},"end":{"line":87,"column":20}},"loc":{"start":{"line":87,"column":39},"end":{"line":101,"column":1}},"line":87},"5":{"name":"(anonymous_5)","decl":{"start":{"line":106,"column":36},"end":{"line":106,"column":37}},"loc":{"start":{"line":106,"column":56},"end":{"line":127,"column":1}},"line":106}},"branchMap":{"0":{"loc":{"start":{"line":21,"column":4},"end":{"line":23,"column":5}},"type":"if","locations":[{"start":{"line":21,"column":4},"end":{"line":23,"column":5}},{"start":{},"end":{}}],"line":21},"1":{"loc":{"start":{"line":24,"column":4},"end":{"line":26,"column":5}},"type":"if","locations":[{"start":{"line":24,"column":4},"end":{"line":26,"column":5}},{"start":{},"end":{}}],"line":24},"2":{"loc":{"start":{"line":28,"column":4},"end":{"line":30,"column":5}},"type":"if","locations":[{"start":{"line":28,"column":4},"end":{"line":30,"column":5}},{"start":{},"end":{}}],"line":28},"3":{"loc":{"start":{"line":49,"column":2},"end":{"line":51,"column":3}},"type":"if","locations":[{"start":{"line":49,"column":2},"end":{"line":51,"column":3}},{"start":{},"end":{}}],"line":49},"4":{"loc":{"start":{"line":55,"column":2},"end":{"line":57,"column":3}},"type":"if","locations":[{"start":{"line":55,"column":2},"end":{"line":57,"column":3}},{"start":{},"end":{}}],"line":55},"5":{"loc":{"start":{"line":68,"column":2},"end":{"line":70,"column":3}},"type":"if","locations":[{"start":{"line":68,"column":2},"end":{"line":70,"column":3}},{"start":{},"end":{}}],"line":68},"6":{"loc":{"start":{"line":76,"column":2},"end":{"line":78,"column":3}},"type":"if","locations":[{"start":{"line":76,"column":2},"end":{"line":78,"column":3}},{"start":{},"end":{}}],"line":76},"7":{"loc":{"start":{"line":90,"column":2},"end":{"line":92,"column":3}},"type":"if","locations":[{"start":{"line":90,"column":2},"end":{"line":92,"column":3}},{"start":{},"end":{}}],"line":90},"8":{"loc":{"start":{"line":96,"column":2},"end":{"line":98,"column":3}},"type":"if","locations":[{"start":{"line":96,"column":2},"end":{"line":98,"column":3}},{"start":{},"end":{}}],"line":96},"9":{"loc":{"start":{"line":109,"column":2},"end":{"line":111,"column":3}},"type":"if","locations":[{"start":{"line":109,"column":2},"end":{"line":111,"column":3}},{"start":{},"end":{}}],"line":109},"10":{"loc":{"start":{"line":115,"column":2},"end":{"line":117,"column":3}},"type":"if","locations":[{"start":{"line":115,"column":2},"end":{"line":117,"column":3}},{"start":{},"end":{}}],"line":115},"11":{"loc":{"start":{"line":121,"column":2},"end":{"line":123,"column":3}},"type":"if","locations":[{"start":{"line":121,"column":2},"end":{"line":123,"column":3}},{"start":{},"end":{}}],"line":121}},"s":{"0":2,"1":2,"2":2,"3":2,"4":0,"5":0,"6":0,"7":2,"8":0,"9":0,"10":0,"11":0,"12":0,"13":0,"14":0,"15":0,"16":0,"17":0,"18":0,"19":0,"20":0,"21":2,"22":0,"23":0,"24":0,"25":0,"26":0,"27":0,"28":0,"29":2,"30":0,"31":0,"32":0,"33":0,"34":0,"35":0,"36":0,"37":2,"38":0,"39":0,"40":0,"41":0,"42":0,"43":0,"44":0,"45":2,"46":0,"47":0,"48":0,"49":0,"50":0,"51":0,"52":0,"53":0,"54":0,"55":0,"56":0,"57":2},"f":{"0":0,"1":0,"2":0,"3":0,"4":0,"5":0},"b":{"0":[0,0],"1":[0,0],"2":[0,0],"3":[0,0],"4":[0,0],"5":[0,0],"6":[0,0],"7":[0,0],"8":[0,0],"9":[0,0],"10":[0,0],"11":[0,0]},"_coverageSchema":"1a1c01bbd47fc00a2c39e90264f33305004495a9","hash":"581cb5aa81e9f101515f8e763332821af0c6f8ae"}
,"C:\\Users\\mika1\\Documents\\Kouluhommia\\Koulu Ladatut tiedostot\\mern\\mern\\backend\\controllers\\userController.js": {"path":"C:\\Users\\mika1\\Documents\\Kouluhommia\\Koulu Ladatut tiedostot\\mern\\mern\\backend\\controllers\\userController.js","statementMap":{"0":{"start":{"line":1,"column":12},"end":{"line":1,"column":35}},"1":{"start":{"line":2,"column":13},"end":{"line":2,"column":43}},"2":{"start":{"line":4,"column":20},"end":{"line":6,"column":1}},"3":{"start":{"line":5,"column":2},"end":{"line":5,"column":69}},"4":{"start":{"line":11,"column":21},"end":{"line":24,"column":1}},"5":{"start":{"line":12,"column":33},"end":{"line":12,"column":41}},"6":{"start":{"line":14,"column":2},"end":{"line":23,"column":3}},"7":{"start":{"line":15,"column":17},"end":{"line":15,"column":57}},"8":{"start":{"line":18,"column":18},"end":{"line":18,"column":39}},"9":{"start":{"line":20,"column":4},"end":{"line":20,"column":40}},"10":{"start":{"line":22,"column":4},"end":{"line":22,"column":48}},"11":{"start":{"line":30,"column":18},"end":{"line":43,"column":1}},"12":{"start":{"line":31,"column":28},"end":{"line":31,"column":36}},"13":{"start":{"line":33,"column":2},"end":{"line":42,"column":3}},"14":{"start":{"line":34,"column":17},"end":{"line":34,"column":50}},"15":{"start":{"line":37,"column":18},"end":{"line":37,"column":39}},"16":{"start":{"line":39,"column":4},"end":{"line":39,"column":40}},"17":{"start":{"line":41,"column":4},"end":{"line":41,"column":48}},"18":{"start":{"line":48,"column":14},"end":{"line":54,"column":1}},"19":{"start":{"line":49,"column":2},"end":{"line":53,"column":3}},"20":{"start":{"line":50,"column":4},"end":{"line":50,"column":35}},"21":{"start":{"line":52,"column":4},"end":{"line":52,"column":16}},"22":{"start":{"line":57,"column":0},"end":{"line":61,"column":2}}},"fnMap":{"0":{"name":"(anonymous_0)","decl":{"start":{"line":4,"column":20},"end":{"line":4,"column":21}},"loc":{"start":{"line":4,"column":29},"end":{"line":6,"column":1}},"line":4},"1":{"name":"(anonymous_1)","decl":{"start":{"line":11,"column":21},"end":{"line":11,"column":22}},"loc":{"start":{"line":11,"column":41},"end":{"line":24,"column":1}},"line":11},"2":{"name":"(anonymous_2)","decl":{"start":{"line":30,"column":18},"end":{"line":30,"column":19}},"loc":{"start":{"line":30,"column":38},"end":{"line":43,"column":1}},"line":30},"3":{"name":"(anonymous_3)","decl":{"start":{"line":48,"column":14},"end":{"line":48,"column":15}},"loc":{"start":{"line":48,"column":40},"end":{"line":54,"column":1}},"line":48}},"branchMap":{},"s":{"0":2,"1":2,"2":2,"3":0,"4":2,"5":0,"6":0,"7":0,"8":0,"9":0,"10":0,"11":2,"12":2,"13":2,"14":2,"15":0,"16":0,"17":2,"18":2,"19":0,"20":0,"21":0,"22":2},"f":{"0":0,"1":0,"2":2,"3":0},"b":{},"_coverageSchema":"1a1c01bbd47fc00a2c39e90264f33305004495a9","hash":"5b96320cb9d299db598fd86ac12e74883ec9b9ee"}
,"C:\\Users\\mika1\\Documents\\Kouluhommia\\Koulu Ladatut tiedostot\\mern\\mern\\backend\\middleware\\authMiddleware.js": {"path":"C:\\Users\\mika1\\Documents\\Kouluhommia\\Koulu Ladatut tiedostot\\mern\\mern\\backend\\middleware\\authMiddleware.js","statementMap":{"0":{"start":{"line":1,"column":12},"end":{"line":1,"column":35}},"1":{"start":{"line":2,"column":13},"end":{"line":2,"column":43}},"2":{"start":{"line":4,"column":16},"end":{"line":24,"column":1}},"3":{"start":{"line":6,"column":28},"end":{"line":6,"column":39}},"4":{"start":{"line":8,"column":2},"end":{"line":10,"column":3}},"5":{"start":{"line":9,"column":4},"end":{"line":9,"column":72}},"6":{"start":{"line":12,"column":16},"end":{"line":12,"column":43}},"7":{"start":{"line":14,"column":2},"end":{"line":23,"column":3}},"8":{"start":{"line":15,"column":20},"end":{"line":15,"column":61}},"9":{"start":{"line":17,"column":4},"end":{"line":17,"column":56}},"10":{"start":{"line":18,"column":4},"end":{"line":18,"column":10}},"11":{"start":{"line":21,"column":4},"end":{"line":21,"column":22}},"12":{"start":{"line":22,"column":4},"end":{"line":22,"column":62}},"13":{"start":{"line":26,"column":0},"end":{"line":26,"column":29}}},"fnMap":{"0":{"name":"(anonymous_0)","decl":{"start":{"line":4,"column":16},"end":{"line":4,"column":17}},"loc":{"start":{"line":4,"column":42},"end":{"line":24,"column":1}},"line":4}},"branchMap":{"0":{"loc":{"start":{"line":8,"column":2},"end":{"line":10,"column":3}},"type":"if","locations":[{"start":{"line":8,"column":2},"end":{"line":10,"column":3}},{"start":{},"end":{}}],"line":8}},"s":{"0":2,"1":2,"2":2,"3":0,"4":0,"5":0,"6":0,"7":0,"8":0,"9":0,"10":0,"11":0,"12":0,"13":2},"f":{"0":0},"b":{"0":[0,0]},"_coverageSchema":"1a1c01bbd47fc00a2c39e90264f33305004495a9","hash":"448f6be8f13fa147bd203e1852bfa46db51cfa7a"}
,"C:\\Users\\mika1\\Documents\\Kouluhommia\\Koulu Ladatut tiedostot\\mern\\mern\\backend\\middleware\\errorMiddleware.js": {"path":"C:\\Users\\mika1\\Documents\\Kouluhommia\\Koulu Ladatut tiedostot\\mern\\mern\\backend\\middleware\\errorMiddleware.js","statementMap":{"0":{"start":{"line":1,"column":21},"end":{"line":10,"column":1}},"1":{"start":{"line":2,"column":21},"end":{"line":2,"column":58}},"2":{"start":{"line":4,"column":2},"end":{"line":4,"column":24}},"3":{"start":{"line":6,"column":2},"end":{"line":9,"column":4}},"4":{"start":{"line":12,"column":0},"end":{"line":14,"column":1}}},"fnMap":{"0":{"name":"(anonymous_0)","decl":{"start":{"line":1,"column":21},"end":{"line":1,"column":22}},"loc":{"start":{"line":1,"column":46},"end":{"line":10,"column":1}},"line":1}},"branchMap":{"0":{"loc":{"start":{"line":2,"column":21},"end":{"line":2,"column":58}},"type":"cond-expr","locations":[{"start":{"line":2,"column":38},"end":{"line":2,"column":52}},{"start":{"line":2,"column":55},"end":{"line":2,"column":58}}],"line":2},"1":{"loc":{"start":{"line":8,"column":11},"end":{"line":8,"column":67}},"type":"cond-expr","locations":[{"start":{"line":8,"column":51},"end":{"line":8,"column":55}},{"start":{"line":8,"column":58},"end":{"line":8,"column":67}}],"line":8}},"s":{"0":2,"1":0,"2":0,"3":0,"4":2},"f":{"0":0},"b":{"0":[0,0],"1":[0,0]},"_coverageSchema":"1a1c01bbd47fc00a2c39e90264f33305004495a9","hash":"9b14f6b2a8720c8e1b70df70624c4f63e8272d20"}
,"C:\\Users\\mika1\\Documents\\Kouluhommia\\Koulu Ladatut tiedostot\\mern\\mern\\backend\\models\\goalModel.js": {"path":"C:\\Users\\mika1\\Documents\\Kouluhommia\\Koulu Ladatut tiedostot\\mern\\mern\\backend\\models\\goalModel.js","statementMap":{"0":{"start":{"line":1,"column":17},"end":{"line":1,"column":36}},"1":{"start":{"line":3,"column":19},"end":{"line":13,"column":24}},"2":{"start":{"line":15,"column":0},"end":{"line":15,"column":51}}},"fnMap":{},"branchMap":{},"s":{"0":2,"1":2,"2":2},"f":{},"b":{},"_coverageSchema":"1a1c01bbd47fc00a2c39e90264f33305004495a9","hash":"ca28adf97157fd35a30b479f301479a870bbb22b"}
,"C:\\Users\\mika1\\Documents\\Kouluhommia\\Koulu Ladatut tiedostot\\mern\\mern\\backend\\models\\userModel.js": {"path":"C:\\Users\\mika1\\Documents\\Kouluhommia\\Koulu Ladatut tiedostot\\mern\\mern\\backend\\models\\userModel.js","statementMap":{"0":{"start":{"line":1,"column":17},"end":{"line":1,"column":36}},"1":{"start":{"line":2,"column":18},"end":{"line":2,"column":38}},"2":{"start":{"line":3,"column":15},"end":{"line":3,"column":32}},"3":{"start":{"line":6,"column":19},"end":{"line":25,"column":1}},"4":{"start":{"line":29,"column":0},"end":{"line":55,"column":1}},"5":{"start":{"line":32,"column":2},"end":{"line":34,"column":3}},"6":{"start":{"line":33,"column":4},"end":{"line":33,"column":44}},"7":{"start":{"line":35,"column":2},"end":{"line":37,"column":3}},"8":{"start":{"line":36,"column":4},"end":{"line":36,"column":34}},"9":{"start":{"line":38,"column":2},"end":{"line":40,"column":3}},"10":{"start":{"line":39,"column":4},"end":{"line":39,"column":45}},"11":{"start":{"line":43,"column":17},"end":{"line":43,"column":46}},"12":{"start":{"line":45,"column":2},"end":{"line":47,"column":3}},"13":{"start":{"line":46,"column":4},"end":{"line":46,"column":39}},"14":{"start":{"line":49,"column":15},"end":{"line":49,"column":39}},"15":{"start":{"line":50,"column":15},"end":{"line":50,"column":48}},"16":{"start":{"line":52,"column":15},"end":{"line":52,"column":65}},"17":{"start":{"line":54,"column":2},"end":{"line":54,"column":13}},"18":{"start":{"line":58,"column":0},"end":{"line":75,"column":1}},"19":{"start":{"line":60,"column":2},"end":{"line":62,"column":3}},"20":{"start":{"line":61,"column":4},"end":{"line":61,"column":44}},"21":{"start":{"line":64,"column":15},"end":{"line":64,"column":44}},"22":{"start":{"line":65,"column":2},"end":{"line":67,"column":3}},"23":{"start":{"line":66,"column":4},"end":{"line":66,"column":34}},"24":{"start":{"line":69,"column":16},"end":{"line":69,"column":61}},"25":{"start":{"line":70,"column":2},"end":{"line":72,"column":3}},"26":{"start":{"line":71,"column":4},"end":{"line":71,"column":37}},"27":{"start":{"line":74,"column":2},"end":{"line":74,"column":13}},"28":{"start":{"line":77,"column":0},"end":{"line":77,"column":51}}},"fnMap":{"0":{"name":"(anonymous_0)","decl":{"start":{"line":29,"column":28},"end":{"line":29,"column":29}},"loc":{"start":{"line":29,"column":66},"end":{"line":55,"column":1}},"line":29},"1":{"name":"(anonymous_1)","decl":{"start":{"line":58,"column":27},"end":{"line":58,"column":28}},"loc":{"start":{"line":58,"column":59},"end":{"line":75,"column":1}},"line":58}},"branchMap":{"0":{"loc":{"start":{"line":32,"column":2},"end":{"line":34,"column":3}},"type":"if","locations":[{"start":{"line":32,"column":2},"end":{"line":34,"column":3}},{"start":{},"end":{}}],"line":32},"1":{"loc":{"start":{"line":32,"column":6},"end":{"line":32,"column":34}},"type":"binary-expr","locations":[{"start":{"line":32,"column":6},"end":{"line":32,"column":12}},{"start":{"line":32,"column":16},"end":{"line":32,"column":25}},{"start":{"line":32,"column":29},"end":{"line":32,"column":34}}],"line":32},"2":{"loc":{"start":{"line":35,"column":2},"end":{"line":37,"column":3}},"type":"if","locations":[{"start":{"line":35,"column":2},"end":{"line":37,"column":3}},{"start":{},"end":{}}],"line":35},"3":{"loc":{"start":{"line":38,"column":2},"end":{"line":40,"column":3}},"type":"if","locations":[{"start":{"line":38,"column":2},"end":{"line":40,"column":3}},{"start":{},"end":{}}],"line":38},"4":{"loc":{"start":{"line":45,"column":2},"end":{"line":47,"column":3}},"type":"if","locations":[{"start":{"line":45,"column":2},"end":{"line":47,"column":3}},{"start":{},"end":{}}],"line":45},"5":{"loc":{"start":{"line":60,"column":2},"end":{"line":62,"column":3}},"type":"if","locations":[{"start":{"line":60,"column":2},"end":{"line":62,"column":3}},{"start":{},"end":{}}],"line":60},"6":{"loc":{"start":{"line":60,"column":6},"end":{"line":60,"column":25}},"type":"binary-expr","locations":[{"start":{"line":60,"column":6},"end":{"line":60,"column":12}},{"start":{"line":60,"column":16},"end":{"line":60,"column":25}}],"line":60},"7":{"loc":{"start":{"line":65,"column":2},"end":{"line":67,"column":3}},"type":"if","locations":[{"start":{"line":65,"column":2},"end":{"line":67,"column":3}},{"start":{},"end":{}}],"line":65},"8":{"loc":{"start":{"line":70,"column":2},"end":{"line":72,"column":3}},"type":"if","locations":[{"start":{"line":70,"column":2},"end":{"line":72,"column":3}},{"start":{},"end":{}}],"line":70}},"s":{"0":2,"1":2,"2":2,"3":2,"4":2,"5":0,"6":0,"7":0,"8":0,"9":0,"10":0,"11":0,"12":0,"13":0,"14":0,"15":0,"16":0,"17":0,"18":2,"19":2,"20":0,"21":2,"22":2,"23":2,"24":0,"25":0,"26":0,"27":0,"28":2},"f":{"0":0,"1":2},"b":{"0":[0,0],"1":[0,0,0],"2":[0,0],"3":[0,0],"4":[0,0],"5":[0,2],"6":[2,2],"7":[2,0],"8":[0,0]},"_coverageSchema":"1a1c01bbd47fc00a2c39e90264f33305004495a9","hash":"bf4781300caf9a1aa275b691f38797dce8fa2778"}
,"C:\\Users\\mika1\\Documents\\Kouluhommia\\Koulu Ladatut tiedostot\\mern\\mern\\backend\\routes\\goalRoutes.js": {"path":"C:\\Users\\mika1\\Documents\\Kouluhommia\\Koulu Ladatut tiedostot\\mern\\mern\\backend\\routes\\goalRoutes.js","statementMap":{"0":{"start":{"line":1,"column":16},"end":{"line":1,"column":34}},"1":{"start":{"line":2,"column":15},"end":{"line":2,"column":31}},"2":{"start":{"line":3,"column":20},"end":{"line":3,"column":59}},"3":{"start":{"line":10,"column":4},"end":{"line":10,"column":44}},"4":{"start":{"line":13,"column":0},"end":{"line":13,"column":35}},"5":{"start":{"line":16,"column":0},"end":{"line":16,"column":37}},"6":{"start":{"line":19,"column":0},"end":{"line":19,"column":35}},"7":{"start":{"line":22,"column":0},"end":{"line":22,"column":40}},"8":{"start":{"line":25,"column":0},"end":{"line":25,"column":43}},"9":{"start":{"line":27,"column":0},"end":{"line":27,"column":24}}},"fnMap":{},"branchMap":{},"s":{"0":2,"1":2,"2":2,"3":2,"4":2,"5":2,"6":2,"7":2,"8":2,"9":2},"f":{},"b":{},"_coverageSchema":"1a1c01bbd47fc00a2c39e90264f33305004495a9","hash":"90b4725f752323e9926a8bfd2f5be5b32f8c79f4"}
,"C:\\Users\\mika1\\Documents\\Kouluhommia\\Koulu Ladatut tiedostot\\mern\\mern\\backend\\routes\\userRoutes.js": {"path":"C:\\Users\\mika1\\Documents\\Kouluhommia\\Koulu Ladatut tiedostot\\mern\\mern\\backend\\routes\\userRoutes.js","statementMap":{"0":{"start":{"line":1,"column":16},"end":{"line":1,"column":34}},"1":{"start":{"line":2,"column":15},"end":{"line":2,"column":31}},"2":{"start":{"line":7,"column":4},"end":{"line":7,"column":44}},"3":{"start":{"line":8,"column":20},"end":{"line":8,"column":59}},"4":{"start":{"line":11,"column":0},"end":{"line":11,"column":31}},"5":{"start":{"line":14,"column":0},"end":{"line":14,"column":33}},"6":{"start":{"line":17,"column":0},"end":{"line":17,"column":34}},"7":{"start":{"line":19,"column":0},"end":{"line":19,"column":24}}},"fnMap":{},"branchMap":{},"s":{"0":2,"1":2,"2":2,"3":2,"4":2,"5":2,"6":2,"7":2},"f":{},"b":{},"_coverageSchema":"1a1c01bbd47fc00a2c39e90264f33305004495a9","hash":"6ef6e526d3553db89675a90109b8fdc8ed330c6e"}
,"C:\\Users\\mika1\\Documents\\Kouluhommia\\Koulu Ladatut tiedostot\\mern\\mern\\backend\\utils\\logger.js": {"path":"C:\\Users\\mika1\\Documents\\Kouluhommia\\Koulu Ladatut tiedostot\\mern\\mern\\backend\\utils\\logger.js","statementMap":{"0":{"start":{"line":1,"column":13},"end":{"line":5,"column":3}},"1":{"start":{"line":2,"column":4},"end":{"line":4,"column":5}},"2":{"start":{"line":3,"column":6},"end":{"line":3,"column":29}},"3":{"start":{"line":7,"column":16},"end":{"line":11,"column":3}},"4":{"start":{"line":8,"column":4},"end":{"line":10,"column":5}},"5":{"start":{"line":9,"column":6},"end":{"line":9,"column":31}},"6":{"start":{"line":12,"column":2},"end":{"line":15,"column":4}}},"fnMap":{"0":{"name":"(anonymous_0)","decl":{"start":{"line":1,"column":13},"end":{"line":1,"column":14}},"loc":{"start":{"line":1,"column":28},"end":{"line":5,"column":3}},"line":1},"1":{"name":"(anonymous_1)","decl":{"start":{"line":7,"column":16},"end":{"line":7,"column":17}},"loc":{"start":{"line":7,"column":31},"end":{"line":11,"column":3}},"line":7}},"branchMap":{"0":{"loc":{"start":{"line":2,"column":4},"end":{"line":4,"column":5}},"type":"if","locations":[{"start":{"line":2,"column":4},"end":{"line":4,"column":5}},{"start":{},"end":{}}],"line":2},"1":{"loc":{"start":{"line":8,"column":4},"end":{"line":10,"column":5}},"type":"if","locations":[{"start":{"line":8,"column":4},"end":{"line":10,"column":5}},{"start":{},"end":{}}],"line":8}},"s":{"0":2,"1":3,"2":0,"3":2,"4":0,"5":0,"6":2},"f":{"0":3,"1":0},"b":{"0":[0,3],"1":[0,0]},"_coverageSchema":"1a1c01bbd47fc00a2c39e90264f33305004495a9","hash":"6582b22e704684af079c4433a1c90082d2d17b8f"}
}
